<?xml version="1.0" encoding="UTF-8"?>
<testsuite name="com.thoughtworks.rectangle.RectangleTest" tests="2" skipped="0" failures="0" errors="0" timestamp="2022-03-28T08:16:00" hostname="147e4f279e6a" time="0.021">
  <properties/>
  <testcase name="shouldReturnPerimeterAsTwentyTwoWhenLengthIsSixAndBreadthIsFive()" classname="com.thoughtworks.rectangle.RectangleTest" time="0.02"/>
  <testcase name="shouldReturnAreaAsThirtyWhenLengthIsSixAndBreadthIsFive()" classname="com.thoughtworks.rectangle.RectangleTest" time="0.001"/>
  <system-out><![CDATA[]]></system-out>
  <system-err><![CDATA[]]></system-err>
</testsuite>
